Setting up bundled DotNet SDK
/Users/Shared/Epic Games/UE_5.7/Engine/Binaries/ThirdParty/DotNet/8.0.412/mac-arm64
Running dotnet Engine/Binaries/DotNET/UnrealBuildTool/UnrealBuildTool.dll Outlaw Mac Development /Users/miqueldelafuente/Projects/Outlaw/Outlaw.uproject
Log file: /Users/miqueldelafuente/Library/Application Support/Epic/UnrealBuildTool/Log.txt
Using 'git status' to determine working set for adaptive non-unity build (/Users/miqueldelafuente/Projects/Outlaw).
Creating makefile for Outlaw (no existing makefile)
Choosing MODERN XCODE based on .ini settings
/Users/miqueldelafuente/Projects/Outlaw/Outlaw.uproject does not list plugin 'StateTree' as a dependency, but module 'Outlaw' depends on 'StateTreeModule'.
/Users/miqueldelafuente/Projects/Outlaw/Outlaw.uproject does not list plugin 'GameplayStateTree' as a dependency, but module 'Outlaw' depends on 'GameplayStateTreeModule'.
UHT compiled-in object format Default
Parsing headers for Outlaw
  Running Internal UnrealHeaderTool /Users/miqueldelafuente/Projects/Outlaw/Outlaw.uproject /Users/miqueldelafuente/Projects/Outlaw/Intermediate/Build/Mac/Outlaw/Development/Outlaw.uhtmanifest -WarningsAsErrors -installed
UHT processed Outlaw in 1.8170178 seconds (62 files written)
Compiling with Mac SDK 26.2, minimum Target OS version 14.00
Building Outlaw...
[Adaptive Build] Excluded from Outlaw unity file: OutlawAttributeSet.cpp
Determining max actions to execute in parallel (10 physical cores, 10 logical cores)
  Executing up to 10 processes, one per physical core
Using Unreal Build Accelerator local executor to run 19 action(s)
  Storage capacity 40Gb
---- Starting trace ----
UbaServer - Listening on 0.0.0.0:1345
[1/19] Copy libtbbmalloc.2.13.dylib [NoUba]
[2/19] Copy libtbb.dylib [NoUba]
[3/19] Copy libtbb.12.dylib [NoUba]
[4/19] Copy libtbb.12.13.dylib [NoUba]
[5/19] Copy libtbbmalloc.2.dylib [NoUba]
[6/19] Copy libtbbmalloc.dylib [NoUba]
[7/19] Compile [Apple] SharedPCH.Core.Project.ValApi.ValExpApi.Cpp20.h
[8/19] Compile [Apple] SharedPCH.CoreUObject.Project.ValApi.ValExpApi.Cpp20.h
[9/19] Compile [Apple] SharedPCH.Slate.Project.ValApi.ValExpApi.Cpp20.h
[10/19] Compile [Apple] SharedPCH.Engine.Project.ValApi.ValExpApi.Cpp20.h
[11/19] Compile [Apple] Module.Outlaw.4.cpp
[12/19] Compile [Apple] Module.Outlaw.2.cpp
[13/19] Compile [Apple] Module.Outlaw.1.cpp
[14/19] Compile [Apple] OutlawAttributeSet.cpp
[15/19] Compile [Apple] Module.Outlaw.3.cpp
[16/19] Link [Apple] Outlaw
[17/19] Updating version file: /Users/miqueldelafuente/Projects/Outlaw/Intermediate/Build/Versions.xcconfig [NoUba]
[18/19] ApplePostBuildSync Executing PostBuildSync [/Users/miqueldelafuente/Projects/Outlaw/Binaries/Mac/Outlaw] [NoUba]
Discovering modules, targets and source code for project...
Adding projects for all targets...
Adding projects for all targets took 0.18s
Adding projects for all game projects took 0.00s
Adding projects for all modules took 0.47s
Forcing MODERN XCODE with -modernxcode
/Users/miqueldelafuente/Projects/Outlaw/Outlaw.uproject does not list plugin 'StateTree' as a dependency, but module 'Outlaw' depends on 'StateTreeModule'.
/Users/miqueldelafuente/Projects/Outlaw/Outlaw.uproject does not list plugin 'GameplayStateTree' as a dependency, but module 'Outlaw' depends on 'GameplayStateTreeModule'.
Compiling with Mac SDK 26.2, minimum Target OS version 14.00
Adding additional Xcode project info took 0.74s
Writing project files...
Writing xcode workspace /Users/miqueldelafuente/Projects/Outlaw/Intermediate/ProjectFiles/Outlaw_Mac_Outlaw.xcworkspace
Writing project files... 100%
Writing project files took 0.09s
params: UBT_NO_POST_DEPLOY=true /Applications/Xcode.app/Contents/Developer/usr/bin/xcodebuild build -workspace "/Users/miqueldelafuente/Projects/Outlaw/Intermediate/ProjectFiles/Outlaw_Mac_Outlaw.xcworkspace" -scheme "Outlaw" -configuration "Development" -destination generic/platform="macOS" CODE_SIGN_ALLOW_ENTITLEMENTS_MODIFICATION=YES  -allowProvisioningUpdates UE_XCODE_BUILD_MODE=PostBuildSync -hideShellScriptEnvironment
Command line invocation:
    /Applications/Xcode.app/Contents/Developer/usr/bin/xcodebuild build -workspace /Users/miqueldelafuente/Projects/Outlaw/Intermediate/ProjectFiles/Outlaw_Mac_Outlaw.xcworkspace -scheme Outlaw -configuration Development -destination generic/platform=macOS CODE_SIGN_ALLOW_ENTITLEMENTS_MODIFICATION=YES -allowProvisioningUpdates UE_XCODE_BUILD_MODE=PostBuildSync -hideShellScriptEnvironment

2026-02-16 09:05:29.148 xcodebuild[89742:1549152]  DVTErrorPresenter: Unable to load simulator devices.
Domain: DVTCoreSimulatorAdditionsErrorDomain
Build settings from command line:
Code: 3
Failure Reason: The version of the CoreSimulator framework installed on this Mac is out-of-date and not supported by this version of Xcode.
    CODE_SIGN_ALLOW_ENTITLEMENTS_MODIFICATION = YES
    UE_XCODE_BUILD_MODE = PostBuildSync
Recovery Suggestion: Please ensure that you have installed all available updates to your Mac's software, and that you are running the most recent version of Xcode supported by macOS.

--
CoreSimulator is out of date. Current version (1048.0.0) is older than build version (1051.17.7).
Domain: DVTCoreSimulatorAdditionsErrorDomain
Code: 3
--

2026-02-16 09:05:29.148 xcodebuild[89742:1549152]  iOSSimulator: [SimServiceContext sharedServiceContextForDeveloperDir:error:] returned nil (Error Domain=DVTCoreSimulatorAdditionsErrorDomain Code=3 "CoreSimulator is out of date. Current version (1048.0.0) is older than build version (1051.17.7)." UserInfo={NSLocalizedDescription=CoreSimulator is out of date. Current version (1048.0.0) is older than build version (1051.17.7).}). Simulator device support disabled.
Run pre-actions

SchemeAction Touch\ UBT\ generated\ tiles /var/folders/g4/tl6n_3515q1d_z8tcrb1lh200000gn/T/SchemeScriptAction-IsEAS6.sh
    cd /var/folders/g4/tl6n_3515q1d_z8tcrb1lh200000gn/T/
    /bin/sh -c /var/folders/g4/tl6n_3515q1d_z8tcrb1lh200000gn/T/SchemeScriptAction-IsEAS6.sh

ComputePackagePrebuildTargetDependencyGraph

CreateBuildRequest

SendProjectDescription

CreateBuildOperation

ComputeTargetDependencyGraph
note: Building targets in dependency order
note: Target dependency graph (1 target)
    Target 'Outlaw' in project 'Outlaw (Mac)' (no dependencies)

GatherProvisioningInputs

CreateBuildDescription

ExecuteExternalTool /Applications/Xcode.app/Contents/Developer/Toolchains/XcodeDefault.xctoolchain/usr/bin/clang -v -E -dM -isysroot /Applications/Xcode.app/Contents/Developer/Platforms/MacOSX.platform/Developer/SDKs/MacOSX26.2.sdk -x c -c /dev/null

ExecuteExternalTool /Applications/Xcode.app/Contents/Developer/usr/bin/actool --version --output-format xml1

Build description signature: a980973948210e28f1a1318551be8cb8
Build description path: /Users/miqueldelafuente/Projects/Outlaw/Intermediate/ProjectFilesMac/build/XCBuildData/a980973948210e28f1a1318551be8cb8.xcbuilddata
CreateBuildDirectory /Users/miqueldelafuente/Projects/Outlaw/Binaries
    cd /Users/miqueldelafuente/Projects/Outlaw/Intermediate/ProjectFiles
    builtin-create-build-directory /Users/miqueldelafuente/Projects/Outlaw/Binaries

CreateBuildDirectory /Users/miqueldelafuente/Projects/Outlaw/Binaries/Mac
    cd /Users/miqueldelafuente/Projects/Outlaw/Intermediate/ProjectFiles
    builtin-create-build-directory /Users/miqueldelafuente/Projects/Outlaw/Binaries/Mac

CreateBuildDirectory /Users/miqueldelafuente/Projects/Outlaw/Binaries/SwiftExplicitPrecompiledModules
    cd /Users/miqueldelafuente/Projects/Outlaw/Intermediate/ProjectFiles
    builtin-create-build-directory /Users/miqueldelafuente/Projects/Outlaw/Binaries/SwiftExplicitPrecompiledModules

CreateBuildDirectory /Users/miqueldelafuente/Projects/Outlaw/Binaries/ExplicitPrecompiledModules
    cd /Users/miqueldelafuente/Projects/Outlaw/Intermediate/ProjectFiles
    builtin-create-build-directory /Users/miqueldelafuente/Projects/Outlaw/Binaries/ExplicitPrecompiledModules

CreateBuildDirectory /Users/miqueldelafuente/Projects/Outlaw/Binaries/EagerLinkingTBDs/Mac
    cd /Users/miqueldelafuente/Projects/Outlaw/Intermediate/ProjectFiles
    builtin-create-build-directory /Users/miqueldelafuente/Projects/Outlaw/Binaries/EagerLinkingTBDs/Mac

MkDir /Users/miqueldelafuente/Projects/Outlaw/Binaries/Mac/Outlaw.app/Contents/Resources (in target 'Outlaw' from project 'Outlaw (Mac)')
    cd /Users/miqueldelafuente/Projects/Outlaw/Intermediate/ProjectFilesMac
    /bin/mkdir -p /Users/miqueldelafuente/Projects/Outlaw/Binaries/Mac/Outlaw.app/Contents/Resources

MkDir /Users/miqueldelafuente/Projects/Outlaw/Binaries/Mac/Outlaw.app/Contents (in target 'Outlaw' from project 'Outlaw (Mac)')
    cd /Users/miqueldelafuente/Projects/Outlaw/Intermediate/ProjectFilesMac
    /bin/mkdir -p /Users/miqueldelafuente/Projects/Outlaw/Binaries/Mac/Outlaw.app/Contents

MkDir /Users/miqueldelafuente/Projects/Outlaw/Binaries/Mac/Outlaw.app (in target 'Outlaw' from project 'Outlaw (Mac)')
    cd /Users/miqueldelafuente/Projects/Outlaw/Intermediate/ProjectFilesMac
    /bin/mkdir -p /Users/miqueldelafuente/Projects/Outlaw/Binaries/Mac/Outlaw.app

WriteAuxiliaryFile /Users/miqueldelafuente/Projects/Outlaw/Binaries/Outlaw\ (Mac).build/Mac/Outlaw.build/Script-1350D921BCEFB8105076D44A.sh (in target 'Outlaw' from project 'Outlaw (Mac)')
    cd /Users/miqueldelafuente/Projects/Outlaw/Intermediate/ProjectFilesMac
    write-file /Users/miqueldelafuente/Projects/Outlaw/Binaries/Outlaw\ \(Mac\).build/Mac/Outlaw.build/Script-1350D921BCEFB8105076D44A.sh

WriteAuxiliaryFile /Users/miqueldelafuente/Projects/Outlaw/Binaries/Outlaw\ (Mac).build/Mac/Outlaw.build/Outlaw.DependencyMetadataFileList (in target 'Outlaw' from project 'Outlaw (Mac)')
    cd /Users/miqueldelafuente/Projects/Outlaw/Intermediate/ProjectFilesMac
    write-file /Users/miqueldelafuente/Projects/Outlaw/Binaries/Outlaw\ \(Mac\).build/Mac/Outlaw.build/Outlaw.DependencyMetadataFileList

WriteAuxiliaryFile /Users/miqueldelafuente/Projects/Outlaw/Binaries/Outlaw\ (Mac).build/Mac/Outlaw.build/DerivedSources/Entitlements.plist (in target 'Outlaw' from project 'Outlaw (Mac)')
    cd /Users/miqueldelafuente/Projects/Outlaw/Intermediate/ProjectFilesMac
    write-file /Users/miqueldelafuente/Projects/Outlaw/Binaries/Outlaw\ \(Mac\).build/Mac/Outlaw.build/DerivedSources/Entitlements.plist

WriteAuxiliaryFile /Users/miqueldelafuente/Projects/Outlaw/Binaries/Outlaw\ (Mac).build/Mac/Outlaw.build/Outlaw.DependencyStaticMetadataFileList (in target 'Outlaw' from project 'Outlaw (Mac)')
    cd /Users/miqueldelafuente/Projects/Outlaw/Intermediate/ProjectFilesMac
    write-file /Users/miqueldelafuente/Projects/Outlaw/Binaries/Outlaw\ \(Mac\).build/Mac/Outlaw.build/Outlaw.DependencyStaticMetadataFileList

ProcessProductPackaging /Users/miqueldelafuente/Projects/Outlaw/Build/Mac/Resources/Sandbox.Server.entitlements /Users/miqueldelafuente/Projects/Outlaw/Binaries/Outlaw\ (Mac).build/Mac/Outlaw.build/Outlaw.app-Simulated.xcent (in target 'Outlaw' from project 'Outlaw (Mac)')
    cd /Users/miqueldelafuente/Projects/Outlaw/Intermediate/ProjectFilesMac

    Entitlements:

    {
}

    builtin-productPackagingUtility /Users/miqueldelafuente/Projects/Outlaw/Build/Mac/Resources/Sandbox.Server.entitlements -entitlements -format xml -o /Users/miqueldelafuente/Projects/Outlaw/Binaries/Outlaw\ \(Mac\).build/Mac/Outlaw.build/Outlaw.app-Simulated.xcent

ProcessProductPackaging /Users/miqueldelafuente/Projects/Outlaw/Build/Mac/Resources/Sandbox.Server.entitlements /Users/miqueldelafuente/Projects/Outlaw/Binaries/Outlaw\ (Mac).build/Mac/Outlaw.build/Outlaw.app.xcent (in target 'Outlaw' from project 'Outlaw (Mac)')
    cd /Users/miqueldelafuente/Projects/Outlaw/Intermediate/ProjectFilesMac

    Entitlements:

    {
    "com.apple.security.app-sandbox" = 1;
    "com.apple.security.get-task-allow" = 1;
    "com.apple.security.network.client" = 1;
    "com.apple.security.network.server" = 1;
}

    builtin-productPackagingUtility /Users/miqueldelafuente/Projects/Outlaw/Build/Mac/Resources/Sandbox.Server.entitlements -entitlements -format xml -o /Users/miqueldelafuente/Projects/Outlaw/Binaries/Outlaw\ \(Mac\).build/Mac/Outlaw.build/Outlaw.app.xcent

ProcessProductPackagingDER /Users/miqueldelafuente/Projects/Outlaw/Binaries/Outlaw\ (Mac).build/Mac/Outlaw.build/Outlaw.app-Simulated.xcent /Users/miqueldelafuente/Projects/Outlaw/Binaries/Outlaw\ (Mac).build/Mac/Outlaw.build/Outlaw.app-Simulated.xcent.der (in target 'Outlaw' from project 'Outlaw (Mac)')
    cd /Users/miqueldelafuente/Projects/Outlaw/Intermediate/ProjectFilesMac
    /usr/bin/derq query -f xml -i /Users/miqueldelafuente/Projects/Outlaw/Binaries/Outlaw\ \(Mac\).build/Mac/Outlaw.build/Outlaw.app-Simulated.xcent -o /Users/miqueldelafuente/Projects/Outlaw/Binaries/Outlaw\ \(Mac\).build/Mac/Outlaw.build/Outlaw.app-Simulated.xcent.der --raw

ProcessProductPackagingDER /Users/miqueldelafuente/Projects/Outlaw/Binaries/Outlaw\ (Mac).build/Mac/Outlaw.build/Outlaw.app.xcent /Users/miqueldelafuente/Projects/Outlaw/Binaries/Outlaw\ (Mac).build/Mac/Outlaw.build/Outlaw.app.xcent.der (in target 'Outlaw' from project 'Outlaw (Mac)')
    cd /Users/miqueldelafuente/Projects/Outlaw/Intermediate/ProjectFilesMac
    /usr/bin/derq query -f xml -i /Users/miqueldelafuente/Projects/Outlaw/Binaries/Outlaw\ \(Mac\).build/Mac/Outlaw.build/Outlaw.app.xcent -o /Users/miqueldelafuente/Projects/Outlaw/Binaries/Outlaw\ \(Mac\).build/Mac/Outlaw.build/Outlaw.app.xcent.der --raw

CpResource /Users/miqueldelafuente/Projects/Outlaw/Binaries/Mac/Outlaw.app/Contents/Resources/UEMetadata /Users/Shared/Epic\ Games/UE_5.7/Engine/Build/Mac/Resources/UEMetadata (in target 'Outlaw' from project 'Outlaw (Mac)')
    cd /Users/miqueldelafuente/Projects/Outlaw/Intermediate/ProjectFilesMac
    builtin-copy -exclude .DS_Store -exclude CVS -exclude .svn -exclude .git -exclude .hg -strip-unsigned-binaries -strip-deterministic -strip-tool /Applications/Xcode.app/Contents/Developer/Toolchains/XcodeDefault.xctoolchain/usr/bin/strip -resolve-src-symlinks /Users/Shared/Epic\ Games/UE_5.7/Engine/Build/Mac/Resources/UEMetadata /Users/miqueldelafuente/Projects/Outlaw/Binaries/Mac/Outlaw.app/Contents/Resources

MkDir /Users/miqueldelafuente/Projects/Outlaw/Binaries/Outlaw\ (Mac).build/Mac/Outlaw.build/assetcatalog_output/thinned (in target 'Outlaw' from project 'Outlaw (Mac)')
    cd /Users/miqueldelafuente/Projects/Outlaw/Intermediate/ProjectFilesMac
    /bin/mkdir -p /Users/miqueldelafuente/Projects/Outlaw/Binaries/Outlaw\ \(Mac\).build/Mac/Outlaw.build/assetcatalog_output/thinned

MkDir /Users/miqueldelafuente/Projects/Outlaw/Binaries/Outlaw\ (Mac).build/Mac/Outlaw.build/assetcatalog_output/unthinned (in target 'Outlaw' from project 'Outlaw (Mac)')
    cd /Users/miqueldelafuente/Projects/Outlaw/Intermediate/ProjectFilesMac
    /bin/mkdir -p /Users/miqueldelafuente/Projects/Outlaw/Binaries/Outlaw\ \(Mac\).build/Mac/Outlaw.build/assetcatalog_output/unthinned

CompileAssetCatalogVariant thinned /Users/miqueldelafuente/Projects/Outlaw/Binaries/Mac/Outlaw.app/Contents/Resources /Users/Shared/Epic\ Games/UE_5.7/Engine/Build/Mac/Resources/Assets.xcassets (in target 'Outlaw' from project 'Outlaw (Mac)')
    cd /Users/miqueldelafuente/Projects/Outlaw/Intermediate/ProjectFilesMac
    /Applications/Xcode.app/Contents/Developer/usr/bin/actool /Users/Shared/Epic\ Games/UE_5.7/Engine/Build/Mac/Resources/Assets.xcassets --compile /Users/miqueldelafuente/Projects/Outlaw/Binaries/Outlaw\ \(Mac\).build/Mac/Outlaw.build/assetcatalog_output/thinned --output-format human-readable-text --notices --warnings --export-dependency-info /Users/miqueldelafuente/Projects/Outlaw/Binaries/Outlaw\ \(Mac\).build/Mac/Outlaw.build/assetcatalog_dependencies_thinned --output-partial-info-plist /Users/miqueldelafuente/Projects/Outlaw/Binaries/Outlaw\ \(Mac\).build/Mac/Outlaw.build/assetcatalog_generated_info.plist_thinned --app-icon AppIcon --enable-on-demand-resources NO --development-region English --target-device mac --minimum-deployment-target 14.00 --platform macosx
/* com.apple.actool.compilation-results */
/Users/miqueldelafuente/Projects/Outlaw/Binaries/Outlaw (Mac).build/Mac/Outlaw.build/assetcatalog_generated_info.plist_thinned
/Users/miqueldelafuente/Projects/Outlaw/Binaries/Outlaw (Mac).build/Mac/Outlaw.build/assetcatalog_output/thinned/AppIcon.icns
/Users/miqueldelafuente/Projects/Outlaw/Binaries/Outlaw (Mac).build/Mac/Outlaw.build/assetcatalog_output/thinned/Assets.car


LinkAssetCatalog /Users/Shared/Epic\ Games/UE_5.7/Engine/Build/Mac/Resources/Assets.xcassets (in target 'Outlaw' from project 'Outlaw (Mac)')
    cd /Users/miqueldelafuente/Projects/Outlaw/Intermediate/ProjectFilesMac
    builtin-linkAssetCatalog --thinned /Users/miqueldelafuente/Projects/Outlaw/Binaries/Outlaw\ \(Mac\).build/Mac/Outlaw.build/assetcatalog_output/thinned --thinned-dependencies /Users/miqueldelafuente/Projects/Outlaw/Binaries/Outlaw\ \(Mac\).build/Mac/Outlaw.build/assetcatalog_dependencies_thinned --thinned-info-plist-content /Users/miqueldelafuente/Projects/Outlaw/Binaries/Outlaw\ \(Mac\).build/Mac/Outlaw.build/assetcatalog_generated_info.plist_thinned --unthinned /Users/miqueldelafuente/Projects/Outlaw/Binaries/Outlaw\ \(Mac\).build/Mac/Outlaw.build/assetcatalog_output/unthinned --unthinned-dependencies /Users/miqueldelafuente/Projects/Outlaw/Binaries/Outlaw\ \(Mac\).build/Mac/Outlaw.build/assetcatalog_dependencies_unthinned --unthinned-info-plist-content /Users/miqueldelafuente/Projects/Outlaw/Binaries/Outlaw\ \(Mac\).build/Mac/Outlaw.build/assetcatalog_generated_info.plist_unthinned --output /Users/miqueldelafuente/Projects/Outlaw/Binaries/Mac/Outlaw.app/Contents/Resources --plist-output /Users/miqueldelafuente/Projects/Outlaw/Binaries/Outlaw\ \(Mac\).build/Mac/Outlaw.build/assetcatalog_generated_info.plist
note: Emplaced /Users/miqueldelafuente/Projects/Outlaw/Binaries/Mac/Outlaw.app/Contents/Resources/Assets.car (in target 'Outlaw' from project 'Outlaw (Mac)')
note: Emplaced /Users/miqueldelafuente/Projects/Outlaw/Binaries/Mac/Outlaw.app/Contents/Resources/AppIcon.icns (in target 'Outlaw' from project 'Outlaw (Mac)')

ProcessInfoPlistFile /Users/miqueldelafuente/Projects/Outlaw/Binaries/Mac/Outlaw.app/Contents/Info.plist /Users/miqueldelafuente/Projects/Outlaw/Build/Mac/Resources/Info.Template.plist (in target 'Outlaw' from project 'Outlaw (Mac)')
    cd /Users/miqueldelafuente/Projects/Outlaw/Intermediate/ProjectFilesMac
    builtin-infoPlistUtility /Users/miqueldelafuente/Projects/Outlaw/Build/Mac/Resources/Info.Template.plist -producttype com.apple.product-type.application -genpkginfo /Users/miqueldelafuente/Projects/Outlaw/Binaries/Mac/Outlaw.app/Contents/PkgInfo -expandbuildsettings -format xml -platform macosx -additionalcontentfile /Users/miqueldelafuente/Projects/Outlaw/Binaries/Outlaw\ \(Mac\).build/Mac/Outlaw.build/assetcatalog_generated_info.plist -o /Users/miqueldelafuente/Projects/Outlaw/Binaries/Mac/Outlaw.app/Contents/Info.plist

PhaseScriptExecution Copy\ Executable\ and\ Staged\ Data\ into\ .app /Users/miqueldelafuente/Projects/Outlaw/Binaries/Outlaw\ (Mac).build/Mac/Outlaw.build/Script-1350D921BCEFB8105076D44A.sh (in target 'Outlaw' from project 'Outlaw (Mac)')
    cd /Users/miqueldelafuente/Projects/Outlaw/Intermediate/ProjectFilesMac
    /bin/sh -c /Users/miqueldelafuente/Projects/Outlaw/Binaries/Outlaw\\\ \\\(Mac\\\).build/Mac/Outlaw.build/Script-1350D921BCEFB8105076D44A.sh
Copying executable and any standalone dylibs into /Users/miqueldelafuente/Projects/Outlaw/Binaries/Mac/Outlaw.app/Contents/MacOS but do not overwrite unless src is newer
=========================================================================================
WARNING: To run, you must have a valid staged build directory. The Staged location is:
  /Users/miqueldelafuente/Projects/Outlaw/Saved/StagedBuilds/Mac
Use the editor's Platforms menu, or run a command like::
./RunUAT.sh BuildCookRun -platform=Mac -project=<project> -build -cook -stage -pak
=========================================================================================

CodeSign /Users/miqueldelafuente/Projects/Outlaw/Binaries/Mac/Outlaw.app (in target 'Outlaw' from project 'Outlaw (Mac)')
    cd /Users/miqueldelafuente/Projects/Outlaw/Intermediate/ProjectFilesMac

    Signing Identity:     "Sign to Run Locally"

    /usr/bin/codesign --force --sign - --entitlements /Users/miqueldelafuente/Projects/Outlaw/Binaries/Outlaw\ \(Mac\).build/Mac/Outlaw.build/Outlaw.app.xcent --timestamp\=none --generate-entitlement-der /Users/miqueldelafuente/Projects/Outlaw/Binaries/Mac/Outlaw.app
/Users/miqueldelafuente/Projects/Outlaw/Binaries/Mac/Outlaw.app: replacing existing signature

RegisterExecutionPolicyException /Users/miqueldelafuente/Projects/Outlaw/Binaries/Mac/Outlaw.app (in target 'Outlaw' from project 'Outlaw (Mac)')
    cd /Users/miqueldelafuente/Projects/Outlaw/Intermediate/ProjectFilesMac
    builtin-RegisterExecutionPolicyException /Users/miqueldelafuente/Projects/Outlaw/Binaries/Mac/Outlaw.app

Validate /Users/miqueldelafuente/Projects/Outlaw/Binaries/Mac/Outlaw.app (in target 'Outlaw' from project 'Outlaw (Mac)')
    cd /Users/miqueldelafuente/Projects/Outlaw/Intermediate/ProjectFilesMac
    builtin-validationUtility /Users/miqueldelafuente/Projects/Outlaw/Binaries/Mac/Outlaw.app -no-validate-extension -infoplist-subpath Contents/Info.plist

Touch /Users/miqueldelafuente/Projects/Outlaw/Binaries/Mac/Outlaw.app (in target 'Outlaw' from project 'Outlaw (Mac)')
    cd /Users/miqueldelafuente/Projects/Outlaw/Intermediate/ProjectFilesMac
    /usr/bin/touch -c /Users/miqueldelafuente/Projects/Outlaw/Binaries/Mac/Outlaw.app

RegisterWithLaunchServices /Users/miqueldelafuente/Projects/Outlaw/Binaries/Mac/Outlaw.app (in target 'Outlaw' from project 'Outlaw (Mac)')
    cd /Users/miqueldelafuente/Projects/Outlaw/Intermediate/ProjectFilesMac
    /System/Library/Frameworks/CoreServices.framework/Versions/Current/Frameworks/LaunchServices.framework/Versions/Current/Support/lsregister -f -R -trusted /Users/miqueldelafuente/Projects/Outlaw/Binaries/Mac/Outlaw.app

** BUILD SUCCEEDED **

[19/19] WriteMetadata Outlaw.target [NoUba]

Trace written to file /Users/miqueldelafuente/Library/Application Support/Epic/UnrealBuildTool/Log.uba with size 5.6kb
Total time in Unreal Build Accelerator local executor: 23.40 seconds
Deploying Outlaw Mac Development...
Deploying now!

Result: Succeeded
Total execution time: 29.00 seconds
